

Microchip MPLAB XC8 Assembler V2.41 build 20230208172133 
                                                                                               Tue May 30 14:28:36 2023

Microchip MPLAB XC8 C Compiler v2.41 (Free license) build 20230208172133 Og1 
     1                           	processor	18F66J60
     2                           	fnconf	rparam,??,?,0
     3                           	pagewidth 120
     4                           	opt	flic
     5                           	psect	smallconst,global,reloc=2,class=SMALLCONST,delta=1,noexec
     6                           	psect	cinit,global,reloc=2,class=CODE,delta=1
     7                           	psect	cstackCOMRAM,global,class=COMRAM,space=1,delta=1,lowdata,noexec
     8                           	psect	text0,global,reloc=2,class=CODE,delta=1
     9                           	psect	text1,global,reloc=2,class=CODE,delta=1
    10                           	psect	text2,global,reloc=2,class=CODE,delta=1
    11                           	psect	text3,global,reloc=2,class=CODE,delta=1
    12                           	psect	text4,global,reloc=2,class=CODE,delta=1
    13                           	psect	text5,global,reloc=2,class=CODE,delta=1
    14                           	psect	text6,global,reloc=2,class=CODE,delta=1
    15                           	psect	text7,global,reloc=2,class=CODE,delta=1
    16                           	psect	intsave_regs,global,class=BIGRAM,space=1,delta=1,noexec
    17                           	psect	text8,global,reloc=2,class=CODE,delta=1
    18                           	psect	rparam,global,class=COMRAM,space=1,delta=1,noexec
    19                           	psect	config,global,abs,ovrld,class=CONFIG,space=4,delta=1,noexec
    20   000000                     
    21                           ; Version 2.40
    22                           ; Generated 17/11/2021 GMT
    23                           ; 
    24                           ; Copyright © 2021, Microchip Technology Inc. and its subsidiaries ("Microchip")
    25                           ; All rights reserved.
    26                           ; 
    27                           ; This software is developed by Microchip Technology Inc. and its subsidiaries ("Microch
      +                          ip").
    28                           ; 
    29                           ; Redistribution and use in source and binary forms, with or without modification, are
    30                           ; permitted provided that the following conditions are met:
    31                           ; 
    32                           ;     1. Redistributions of source code must retain the above copyright notice, this lis
      +                          t of
    33                           ;        conditions and the following disclaimer.
    34                           ; 
    35                           ;     2. Redistributions in binary form must reproduce the above copyright notice, this 
      +                          list
    36                           ;        of conditions and the following disclaimer in the documentation and/or other
    37                           ;        materials provided with the distribution. Publication is not required when
    38                           ;        this file is used in an embedded application.
    39                           ; 
    40                           ;     3. Microchip's name may not be used to endorse or promote products derived from th
      +                          is
    41                           ;        software without specific prior written permission.
    42                           ; 
    43                           ; THIS SOFTWARE IS PROVIDED BY MICROCHIP "AS IS" AND ANY EXPRESS OR IMPLIED WARRANTIES,
    44                           ; INCLUDING, BUT NOT LIMITED TO, THE IMPLIED WARRANTIES OF MERCHANTABILITY AND FITNESS F
      +                          OR
    45                           ; PURPOSE ARE DISCLAIMED.  IN NO EVENT SHALL MICROCHIP BE LIABLE FOR ANY DIRECT, INDIREC
      +                          T,
    46                           ; INCIDENTAL, SPECIAL, EXEMPLARY, OR CONSEQUENTIAL DAMAGES (INCLUDING BUT NOT LIMITED TO
    47                           ; PROCUREMENT OF SUBSTITUTE GOODS OR SERVICES; LOSS OF USE, DATA OR PROFITS; OR BUSINESS
    48                           ; INTERRUPTION) HOWSOEVER CAUSED AND ON ANY THEORY OF LIABILITY, WHETHER IN CONTRACT, ST
      +                          RICT
    49                           ; LIABILITY, OR TORT (INCLUDING NEGLIGENCE OR OTHERWISE) ARISING IN ANY WAY OUT OF THE U
      +                          SE OF
    50                           ; THIS SOFTWARE, EVEN IF ADVISED OF THE POSSIBILITY OF SUCH DAMAGE.
    51                           ; 
    52                           ; 
    53                           ; Code-generator required, PIC18F66J60 Definitions
    54                           ; 
    55                           ; SFR Addresses
    56   000000                     
    57 ;; Function _MASTER0_open is unused but had its address taken
    58   000000                     
    59 ;; Function _SPI1_ExchangeByte is unused but had its address taken
    60   000000                     
    61 ;; Function _SPI1_WriteBlock is unused but had its address taken
    62   000000                     
    63 ;; Function _SPI1_ReadBlock is unused but had its address taken
    64   000000                     
    65 ;; Function _SPI1_WriteByte is unused but had its address taken
    66   000000                     
    67 ;; Function _SPI1_ReadByte is unused but had its address taken
    68   000000                     
    69                           	psect	smallconst
    70   001000                     __psmallconst:
    71                           	callstack 0
    72   001000  00                 	db	0
    73   001001                     _spiMaster:
    74                           	callstack 0
    75   001001  E4                 	db	low _SPI1_Close
    76   001002  11                 	db	high _SPI1_Close
    77   001003  00                 	db	0
    78   001004  00                 	db	0
    79   001005  00                 	db	0
    80   001006  00                 	db	0
    81   001007  22                 	db	low _SPI1_ExchangeBlock
    82   001008  11                 	db	high _SPI1_ExchangeBlock
    83   001009  00                 	db	0
    84   00100A  00                 	db	0
    85   00100B  00                 	db	0
    86   00100C  00                 	db	0
    87   00100D  00                 	db	0
    88   00100E  00                 	db	0
    89   00100F  00                 	db	0
    90   001010  00                 	db	0
    91   001011  00                 	db	0
    92   001012  00                 	db	0
    93   001013  00                 	db	0
    94   001014  00                 	db	0
    95   001015                     __end_of_spiMaster:
    96                           	callstack 0
    97   001015                     _spi1_configuration:
    98                           	callstack 0
    99   001015  0A                 	db	10
   100   001016  40                 	db	64
   101   001017  31                 	db	49
   102   001018  00                 	db	0
   103   001019  00                 	db	0
   104   00101A  40                 	db	64
   105   00101B  00                 	db	0
   106   00101C  00                 	db	0
   107   00101D                     __end_of_spi1_configuration:
   108                           	callstack 0
   109   000000                     _TRISD	set	3989
   110   000000                     _TRISB	set	3987
   111   000000                     _TRISE	set	3990
   112   000000                     _LATC	set	3979
   113   000000                     _LATB	set	3978
   114   000000                     _OSCTUNE	set	3995
   115   000000                     _PIR1bits	set	3998
   116   000000                     _SSP1CON2	set	4037
   117   000000                     _LATEbits	set	3981
   118   000000                     _TRISEbits	set	3990
   119   000000                     _LATAbits	set	3977
   120   000000                     _TRISAbits	set	3986
   121   000000                     _TRISC	set	3988
   122   000000                     _SSP1CON1bits	set	4038
   123   000000                     _LATA	set	3977
   124   000000                     _LATD	set	3980
   125   000000                     _LATE	set	3981
   126   000000                     _TRISCbits	set	3988
   127   000000                     _SSP1CON1	set	4038
   128   000000                     _SSP1STAT	set	4039
   129   000000                     _OSCCON	set	4051
   130   000000                     _SSP1BUF	set	4041
   131   000000                     _SSP1ADD	set	4040
   132   000000                     _ADCON1bits	set	4033
   133   000000                     _TRISA	set	3986
   134   000000                     _LATG	set	3983
   135   000000                     _LATF	set	3982
   136   000000                     _TRISG	set	3992
   137   000000                     _TRISF	set	3991
   138   00101D  00                 	db	0	; dummy byte at the end
   139   000000                     
   140                           ; #config settings
   141                           
   142                           	psect	cinit
   143   0011D2                     __pcinit:
   144                           	callstack 0
   145   0011D2                     start_initialization:
   146                           	callstack 0
   147   0011D2                     __initialization:
   148                           	callstack 0
   149   0011D2                     end_of_initialization:
   150                           	callstack 0
   151   0011D2                     __end_of__initialization:
   152                           	callstack 0
   153   0011D2  0E00               	movlw	low (__Lmediumconst shr (0+16))
   154   0011D4  6EF8               	movwf	tblptru,c
   155   0011D6  0100               	movlb	0
   156   0011D8  EF5F  F008         	goto	_main	;jump to C main() function
   157                           
   158                           	psect	cstackCOMRAM
   159   000001                     __pcstackCOMRAM:
   160                           	callstack 0
   161   000001                     ??_SPI1_Open:
   162   000001                     SPI1_ExchangeBlock@block:
   163                           	callstack 0
   164                           
   165                           ; 2 bytes @ 0x0
   166   000001                     	ds	1
   167   000002                     SPI1_Open@spi1UniqueConfiguration:
   168                           	callstack 0
   169                           
   170                           ; 1 bytes @ 0x1
   171   000002                     	ds	1
   172   000003                     SPI1_ExchangeBlock@blockSize:
   173                           	callstack 0
   174                           
   175                           ; 2 bytes @ 0x2
   176   000003                     	ds	2
   177   000005                     SPI1_ExchangeBlock@data:
   178                           	callstack 0
   179                           
   180                           ; 2 bytes @ 0x4
   181   000005                     	ds	2
   182   000007                     ??_main:
   183                           
   184                           ; 1 bytes @ 0x6
   185   000007                     	ds	2
   186   000009                     main@spi_buff:
   187                           	callstack 0
   188                           
   189                           ; 2 bytes @ 0x8
   190   000009                     	ds	2
   191   00000B                     main@spi_buff_len:
   192                           	callstack 0
   193                           
   194                           ; 2 bytes @ 0xA
   195   00000B                     	ds	2
   196                           
   197 ;;
   198 ;;Main: autosize = 0, tempsize = 2, incstack = 0, save=0
   199 ;;
   200 ;; *************** function _main *****************
   201 ;; Defined at:
   202 ;;		line 50 in file "main.c"
   203 ;; Parameters:    Size  Location     Type
   204 ;;		None
   205 ;; Auto vars:     Size  Location     Type
   206 ;;  spi_buff_len    2   10[COMRAM] unsigned int 
   207 ;;  spi_buff        2    8[COMRAM] PTR unsigned char 
   208 ;;		 -> RAM(3935), 
   209 ;; Return value:  Size  Location     Type
   210 ;;                  1    wreg      void 
   211 ;; Registers used:
   212 ;;		wreg, fsr2l, fsr2h, status,2, status,0, tblptrl, tblptrh, tblptru, prodl, prodh, cstack
   213 ;; Tracked objects:
   214 ;;		On entry : 0/0
   215 ;;		On exit  : 0/0
   216 ;;		Unchanged: 0/0
   217 ;; Data sizes:     COMRAM   BANK0   BANK1   BANK2   BANK3   BANK4   BANK5   BANK6   BANK7   BANK8   BANK9  BANK10  BANK1
      +1  BANK12  BANK13  BANK14  BANK15
   218 ;;      Params:         0       0       0       0       0       0       0       0       0       0       0       0       
      +0       0       0       0       0
   219 ;;      Locals:         4       0       0       0       0       0       0       0       0       0       0       0       
      +0       0       0       0       0
   220 ;;      Temps:          2       0       0       0       0       0       0       0       0       0       0       0       
      +0       0       0       0       0
   221 ;;      Totals:         6       0       0       0       0       0       0       0       0       0       0       0       
      +0       0       0       0       0
   222 ;;Total ram usage:        6 bytes
   223 ;; Hardware stack levels required when called: 2
   224 ;; This function calls:
   225 ;;		_SPI1_Close
   226 ;;		_SPI1_ExchangeBlock
   227 ;;		_SPI1_Open
   228 ;;		_SYSTEM_Initialize
   229 ;; This function is called by:
   230 ;;		Startup code after reset
   231 ;; This function uses a non-reentrant model
   232 ;;
   233                           
   234                           	psect	text0
   235   0010BE                     __ptext0:
   236                           	callstack 0
   237   0010BE                     _main:
   238                           	callstack 29
   239   0010BE                     
   240                           ;main.c: 53:     SYSTEM_Initialize();
   241   0010BE  ECE2  F008         	call	_SYSTEM_Initialize	;wreg free
   242   0010C2  9692               	bcf	146,3,c	;volatile
   243   0010C4                     
   244                           ;main.c: 73:     LATAbits.LATA3 = 1;
   245   0010C4  8689               	bsf	137,3,c	;volatile
   246   0010C6                     
   247                           ;main.c: 75:     TRISEbits.TRISE1 = 0;
   248   0010C6  9296               	bcf	150,1,c	;volatile
   249   0010C8                     
   250                           ;main.c: 76:     LATEbits.LATE1 = 1;
   251   0010C8  828D               	bsf	141,1,c	;volatile
   252   0010CA                     
   253                           ;main.c: 78:     uint8_t* spi_buff = {0x02, 0x02, 0x00, 0xE8, 0x02, 0x58, 0x00};
   254   0010CA  0E02               	movlw	2
   255   0010CC  6E09               	movwf	main@spi_buff^0,c
   256   0010CE  0E00               	movlw	0
   257   0010D0  6E0A               	movwf	(main@spi_buff+1)^0,c
   258   0010D2                     
   259                           ;main.c: 79:     size_t spi_buff_len = 7;
   260   0010D2  0E00               	movlw	0
   261   0010D4  6E0C               	movwf	(main@spi_buff_len+1)^0,c
   262   0010D6  0E07               	movlw	7
   263   0010D8  6E0B               	movwf	main@spi_buff_len^0,c
   264   0010DA                     
   265                           ;main.c: 81:     OSCTUNE = 0x00;
   266   0010DA  0E00               	movlw	0
   267   0010DC  6E9B               	movwf	155,c	;volatile
   268   0010DE                     
   269                           ;main.c: 82:     OSCCON |=2;
   270   0010DE  82D3               	bsf	211,1,c	;volatile
   271   0010E0                     l1001:
   272                           
   273                           ;main.c: 85:     {;main.c: 86:         _delay((unsigned long)((500)*(25000000/4000.0)));
   274   0010E0  0E10               	movlw	16
   275   0010E2  6E08               	movwf	(??_main+1)^0,c
   276   0010E4  0EDB               	movlw	219
   277   0010E6  6E07               	movwf	??_main^0,c
   278   0010E8  0E64               	movlw	100
   279   0010EA                     u97:
   280   0010EA  2EE8               	decfsz	wreg,f,c
   281   0010EC  D7FE               	bra	u97
   282   0010EE  2E07               	decfsz	??_main^0,f,c
   283   0010F0  D7FC               	bra	u97
   284   0010F2  2E08               	decfsz	(??_main+1)^0,f,c
   285   0010F4  D7FA               	bra	u97
   286   0010F6  D000               	nop2	
   287   0010F8                     
   288                           ;main.c: 87:         SPI1_Open(SPI1_DEFAULT);
   289   0010F8  0E01               	movlw	1
   290   0010FA  EC0F  F008         	call	_SPI1_Open
   291   0010FE                     
   292                           ;main.c: 88:         LATEbits.LATE1 = 0;
   293   0010FE  928D               	bcf	141,1,c	;volatile
   294   001100                     
   295                           ;main.c: 89:         SPI1_ExchangeBlock(spi_buff, spi_buff_len);
   296   001100  C009  F001         	movff	main@spi_buff,SPI1_ExchangeBlock@block
   297   001104  C00A  F002         	movff	main@spi_buff+1,SPI1_ExchangeBlock@block+1
   298   001108  C00B  F003         	movff	main@spi_buff_len,SPI1_ExchangeBlock@blockSize
   299   00110C  C00C  F004         	movff	main@spi_buff_len+1,SPI1_ExchangeBlock@blockSize+1
   300   001110  EC91  F008         	call	_SPI1_ExchangeBlock	;wreg free
   301   001114                     
   302                           ;main.c: 91:         LATEbits.LATE1 = 1;
   303   001114  828D               	bsf	141,1,c	;volatile
   304   001116                     
   305                           ;main.c: 92:         SPI1_Close();
   306   001116  ECF2  F008         	call	_SPI1_Close	;wreg free
   307   00111A  EF70  F008         	goto	l1001
   308   00111E  EF00  F000         	goto	start
   309   001122                     __end_of_main:
   310                           	callstack 0
   311                           
   312 ;; *************** function _SYSTEM_Initialize *****************
   313 ;; Defined at:
   314 ;;		line 50 in file "mcc_generated_files/mcc.c"
   315 ;; Parameters:    Size  Location     Type
   316 ;;		None
   317 ;; Auto vars:     Size  Location     Type
   318 ;;		None
   319 ;; Return value:  Size  Location     Type
   320 ;;                  1    wreg      void 
   321 ;; Registers used:
   322 ;;		wreg, status,2, status,0, cstack
   323 ;; Tracked objects:
   324 ;;		On entry : 0/0
   325 ;;		On exit  : 0/0
   326 ;;		Unchanged: 0/0
   327 ;; Data sizes:     COMRAM   BANK0   BANK1   BANK2   BANK3   BANK4   BANK5   BANK6   BANK7   BANK8   BANK9  BANK10  BANK1
      +1  BANK12  BANK13  BANK14  BANK15
   328 ;;      Params:         0       0       0       0       0       0       0       0       0       0       0       0       
      +0       0       0       0       0
   329 ;;      Locals:         0       0       0       0       0       0       0       0       0       0       0       0       
      +0       0       0       0       0
   330 ;;      Temps:          0       0       0       0       0       0       0       0       0       0       0       0       
      +0       0       0       0       0
   331 ;;      Totals:         0       0       0       0       0       0       0       0       0       0       0       0       
      +0       0       0       0       0
   332 ;;Total ram usage:        0 bytes
   333 ;; Hardware stack levels used: 1
   334 ;; Hardware stack levels required when called: 1
   335 ;; This function calls:
   336 ;;		_OSCILLATOR_Initialize
   337 ;;		_PIN_MANAGER_Initialize
   338 ;;		_SPI1_Initialize
   339 ;; This function is called by:
   340 ;;		_main
   341 ;; This function uses a non-reentrant model
   342 ;;
   343                           
   344                           	psect	text1
   345   0011C4                     __ptext1:
   346                           	callstack 0
   347   0011C4                     _SYSTEM_Initialize:
   348                           	callstack 29
   349   0011C4                     
   350                           ;mcc_generated_files/mcc.c: 53:     SPI1_Initialize();
   351   0011C4  ECD9  F008         	call	_SPI1_Initialize	;wreg free
   352                           
   353                           ;mcc_generated_files/mcc.c: 54:     PIN_MANAGER_Initialize();
   354   0011C8  ECBB  F008         	call	_PIN_MANAGER_Initialize	;wreg free
   355   0011CC                     
   356                           ;mcc_generated_files/mcc.c: 55:     OSCILLATOR_Initialize();
   357   0011CC  ECEE  F008         	call	_OSCILLATOR_Initialize	;wreg free
   358   0011D0  0012               	return		;funcret
   359   0011D2                     __end_of_SYSTEM_Initialize:
   360                           	callstack 0
   361                           
   362 ;; *************** function _SPI1_Initialize *****************
   363 ;; Defined at:
   364 ;;		line 63 in file "mcc_generated_files/spi1.c"
   365 ;; Parameters:    Size  Location     Type
   366 ;;		None
   367 ;; Auto vars:     Size  Location     Type
   368 ;;		None
   369 ;; Return value:  Size  Location     Type
   370 ;;                  1    wreg      void 
   371 ;; Registers used:
   372 ;;		wreg, status,2
   373 ;; Tracked objects:
   374 ;;		On entry : 0/0
   375 ;;		On exit  : 0/0
   376 ;;		Unchanged: 0/0
   377 ;; Data sizes:     COMRAM   BANK0   BANK1   BANK2   BANK3   BANK4   BANK5   BANK6   BANK7   BANK8   BANK9  BANK10  BANK1
      +1  BANK12  BANK13  BANK14  BANK15
   378 ;;      Params:         0       0       0       0       0       0       0       0       0       0       0       0       
      +0       0       0       0       0
   379 ;;      Locals:         0       0       0       0       0       0       0       0       0       0       0       0       
      +0       0       0       0       0
   380 ;;      Temps:          0       0       0       0       0       0       0       0       0       0       0       0       
      +0       0       0       0       0
   381 ;;      Totals:         0       0       0       0       0       0       0       0       0       0       0       0       
      +0       0       0       0       0
   382 ;;Total ram usage:        0 bytes
   383 ;; Hardware stack levels used: 1
   384 ;; This function calls:
   385 ;;		Nothing
   386 ;; This function is called by:
   387 ;;		_SYSTEM_Initialize
   388 ;; This function uses a non-reentrant model
   389 ;;
   390                           
   391                           	psect	text2
   392   0011B2                     __ptext2:
   393                           	callstack 0
   394   0011B2                     _SPI1_Initialize:
   395                           	callstack 29
   396   0011B2                     
   397                           ;mcc_generated_files/spi1.c: 66:     SSP1STAT = 0x40;
   398   0011B2  0E40               	movlw	64
   399   0011B4  6EC7               	movwf	199,c	;volatile
   400                           
   401                           ;mcc_generated_files/spi1.c: 67:     SSP1CON1 = 0x00;
   402   0011B6  0E00               	movlw	0
   403   0011B8  6EC6               	movwf	198,c	;volatile
   404                           
   405                           ;mcc_generated_files/spi1.c: 68:     SSP1ADD = 0x00;
   406   0011BA  0E00               	movlw	0
   407   0011BC  6EC8               	movwf	200,c	;volatile
   408   0011BE                     
   409                           ;mcc_generated_files/spi1.c: 69:     TRISCbits.TRISC3 = 0;
   410   0011BE  9694               	bcf	148,3,c	;volatile
   411   0011C0                     
   412                           ;mcc_generated_files/spi1.c: 70:     SSP1CON1bits.SSPEN = 0;
   413   0011C0  9AC6               	bcf	198,5,c	;volatile
   414   0011C2  0012               	return		;funcret
   415   0011C4                     __end_of_SPI1_Initialize:
   416                           	callstack 0
   417                           
   418 ;; *************** function _PIN_MANAGER_Initialize *****************
   419 ;; Defined at:
   420 ;;		line 50 in file "mcc_generated_files/pin_manager.c"
   421 ;; Parameters:    Size  Location     Type
   422 ;;		None
   423 ;; Auto vars:     Size  Location     Type
   424 ;;		None
   425 ;; Return value:  Size  Location     Type
   426 ;;                  1    wreg      void 
   427 ;; Registers used:
   428 ;;		wreg, status,2
   429 ;; Tracked objects:
   430 ;;		On entry : 0/0
   431 ;;		On exit  : 0/0
   432 ;;		Unchanged: 0/0
   433 ;; Data sizes:     COMRAM   BANK0   BANK1   BANK2   BANK3   BANK4   BANK5   BANK6   BANK7   BANK8   BANK9  BANK10  BANK1
      +1  BANK12  BANK13  BANK14  BANK15
   434 ;;      Params:         0       0       0       0       0       0       0       0       0       0       0       0       
      +0       0       0       0       0
   435 ;;      Locals:         0       0       0       0       0       0       0       0       0       0       0       0       
      +0       0       0       0       0
   436 ;;      Temps:          0       0       0       0       0       0       0       0       0       0       0       0       
      +0       0       0       0       0
   437 ;;      Totals:         0       0       0       0       0       0       0       0       0       0       0       0       
      +0       0       0       0       0
   438 ;;Total ram usage:        0 bytes
   439 ;; Hardware stack levels used: 1
   440 ;; This function calls:
   441 ;;		Nothing
   442 ;; This function is called by:
   443 ;;		_SYSTEM_Initialize
   444 ;; This function uses a non-reentrant model
   445 ;;
   446                           
   447                           	psect	text3
   448   001176                     __ptext3:
   449                           	callstack 0
   450   001176                     _PIN_MANAGER_Initialize:
   451                           	callstack 29
   452   001176                     
   453                           ;mcc_generated_files/pin_manager.c: 55:     LATE = 0x00;
   454   001176  0E00               	movlw	0
   455   001178  6E8D               	movwf	141,c	;volatile
   456                           
   457                           ;mcc_generated_files/pin_manager.c: 56:     LATD = 0x00;
   458   00117A  0E00               	movlw	0
   459   00117C  6E8C               	movwf	140,c	;volatile
   460                           
   461                           ;mcc_generated_files/pin_manager.c: 57:     LATA = 0x00;
   462   00117E  0E00               	movlw	0
   463   001180  6E89               	movwf	137,c	;volatile
   464                           
   465                           ;mcc_generated_files/pin_manager.c: 58:     LATF = 0x00;
   466   001182  0E00               	movlw	0
   467   001184  6E8E               	movwf	142,c	;volatile
   468                           
   469                           ;mcc_generated_files/pin_manager.c: 59:     LATB = 0x00;
   470   001186  0E00               	movlw	0
   471   001188  6E8A               	movwf	138,c	;volatile
   472                           
   473                           ;mcc_generated_files/pin_manager.c: 60:     LATG = 0x00;
   474   00118A  0E00               	movlw	0
   475   00118C  6E8F               	movwf	143,c	;volatile
   476                           
   477                           ;mcc_generated_files/pin_manager.c: 61:     LATC = 0x00;
   478   00118E  0E00               	movlw	0
   479   001190  6E8B               	movwf	139,c	;volatile
   480                           
   481                           ;mcc_generated_files/pin_manager.c: 66:     TRISE = 0x00;
   482   001192  0E00               	movlw	0
   483   001194  6E96               	movwf	150,c	;volatile
   484                           
   485                           ;mcc_generated_files/pin_manager.c: 67:     TRISF = 0xFE;
   486   001196  0EFE               	movlw	254
   487   001198  6E97               	movwf	151,c	;volatile
   488                           
   489                           ;mcc_generated_files/pin_manager.c: 68:     TRISA = 0x3F;
   490   00119A  0E3F               	movlw	63
   491   00119C  6E92               	movwf	146,c	;volatile
   492                           
   493                           ;mcc_generated_files/pin_manager.c: 69:     TRISG = 0x10;
   494   00119E  0E10               	movlw	16
   495   0011A0  6E98               	movwf	152,c	;volatile
   496   0011A2                     
   497                           ;mcc_generated_files/pin_manager.c: 70:     TRISB = 0xFF;
   498   0011A2  6893               	setf	147,c	;volatile
   499                           
   500                           ;mcc_generated_files/pin_manager.c: 71:     TRISC = 0xD7;
   501   0011A4  0ED7               	movlw	215
   502   0011A6  6E94               	movwf	148,c	;volatile
   503                           
   504                           ;mcc_generated_files/pin_manager.c: 72:     TRISD = 0x07;
   505   0011A8  0E07               	movlw	7
   506   0011AA  6E95               	movwf	149,c	;volatile
   507                           
   508                           ;mcc_generated_files/pin_manager.c: 77:     ADCON1bits.PCFG = 0x00;
   509   0011AC  0EF0               	movlw	-16
   510   0011AE  16C1               	andwf	193,f,c	;volatile
   511   0011B0  0012               	return		;funcret
   512   0011B2                     __end_of_PIN_MANAGER_Initialize:
   513                           	callstack 0
   514                           
   515 ;; *************** function _OSCILLATOR_Initialize *****************
   516 ;; Defined at:
   517 ;;		line 58 in file "mcc_generated_files/mcc.c"
   518 ;; Parameters:    Size  Location     Type
   519 ;;		None
   520 ;; Auto vars:     Size  Location     Type
   521 ;;		None
   522 ;; Return value:  Size  Location     Type
   523 ;;                  1    wreg      void 
   524 ;; Registers used:
   525 ;;		wreg, status,2, status,0
   526 ;; Tracked objects:
   527 ;;		On entry : 0/0
   528 ;;		On exit  : 0/0
   529 ;;		Unchanged: 0/0
   530 ;; Data sizes:     COMRAM   BANK0   BANK1   BANK2   BANK3   BANK4   BANK5   BANK6   BANK7   BANK8   BANK9  BANK10  BANK1
      +1  BANK12  BANK13  BANK14  BANK15
   531 ;;      Params:         0       0       0       0       0       0       0       0       0       0       0       0       
      +0       0       0       0       0
   532 ;;      Locals:         0       0       0       0       0       0       0       0       0       0       0       0       
      +0       0       0       0       0
   533 ;;      Temps:          0       0       0       0       0       0       0       0       0       0       0       0       
      +0       0       0       0       0
   534 ;;      Totals:         0       0       0       0       0       0       0       0       0       0       0       0       
      +0       0       0       0       0
   535 ;;Total ram usage:        0 bytes
   536 ;; Hardware stack levels used: 1
   537 ;; This function calls:
   538 ;;		Nothing
   539 ;; This function is called by:
   540 ;;		_SYSTEM_Initialize
   541 ;; This function uses a non-reentrant model
   542 ;;
   543                           
   544                           	psect	text4
   545   0011DC                     __ptext4:
   546                           	callstack 0
   547   0011DC                     _OSCILLATOR_Initialize:
   548                           	callstack 29
   549   0011DC                     
   550                           ;mcc_generated_files/mcc.c: 64:     OSCCON |=2;
   551   0011DC  82D3               	bsf	211,1,c	;volatile
   552   0011DE                     
   553                           ;mcc_generated_files/mcc.c: 65:     OSCTUNE = 0x00;
   554   0011DE  0E00               	movlw	0
   555   0011E0  6E9B               	movwf	155,c	;volatile
   556   0011E2  0012               	return		;funcret
   557   0011E4                     __end_of_OSCILLATOR_Initialize:
   558                           	callstack 0
   559                           
   560 ;; *************** function _SPI1_Open *****************
   561 ;; Defined at:
   562 ;;		line 73 in file "mcc_generated_files/spi1.c"
   563 ;; Parameters:    Size  Location     Type
   564 ;;  spi1UniqueCo    1    wreg     enum E358
   565 ;; Auto vars:     Size  Location     Type
   566 ;;  spi1UniqueCo    1    1[COMRAM] enum E358
   567 ;; Return value:  Size  Location     Type
   568 ;;                  1    wreg      _Bool 
   569 ;; Registers used:
   570 ;;		wreg, status,2, status,0, tblptrl, tblptrh, tblptru, prodl, prodh
   571 ;; Tracked objects:
   572 ;;		On entry : 0/0
   573 ;;		On exit  : 0/0
   574 ;;		Unchanged: 0/0
   575 ;; Data sizes:     COMRAM   BANK0   BANK1   BANK2   BANK3   BANK4   BANK5   BANK6   BANK7   BANK8   BANK9  BANK10  BANK1
      +1  BANK12  BANK13  BANK14  BANK15
   576 ;;      Params:         0       0       0       0       0       0       0       0       0       0       0       0       
      +0       0       0       0       0
   577 ;;      Locals:         1       0       0       0       0       0       0       0       0       0       0       0       
      +0       0       0       0       0
   578 ;;      Temps:          1       0       0       0       0       0       0       0       0       0       0       0       
      +0       0       0       0       0
   579 ;;      Totals:         2       0       0       0       0       0       0       0       0       0       0       0       
      +0       0       0       0       0
   580 ;;Total ram usage:        2 bytes
   581 ;; Hardware stack levels used: 1
   582 ;; This function calls:
   583 ;;		Nothing
   584 ;; This function is called by:
   585 ;;		_main
   586 ;;		_MASTER0_open
   587 ;; This function uses a non-reentrant model
   588 ;;
   589                           
   590                           	psect	text5
   591   00101E                     __ptext5:
   592                           	callstack 0
   593   00101E                     _SPI1_Open:
   594                           	callstack 30
   595                           
   596                           ;incstack = 0
   597                           ;SPI1_Open@spi1UniqueConfiguration stored from wreg
   598   00101E  6E02               	movwf	SPI1_Open@spi1UniqueConfiguration^0,c
   599   001020                     
   600                           ;mcc_generated_files/spi1.c: 73: _Bool SPI1_Open(spi1_modes_t spi1UniqueConfiguration);m
      +                          cc_generated_files/spi1.c: 74: {;mcc_generated_files/spi1.c: 75:     if(!SSP1CON1bits.SS
      +                          PEN)
   601   001020  BAC6               	btfsc	198,5,c	;volatile
   602   001022  EF15  F008         	goto	u11
   603   001026  EF17  F008         	goto	u10
   604   00102A                     u11:
   605   00102A  EF5D  F008         	goto	l885
   606   00102E                     u10:
   607   00102E                     
   608                           ;mcc_generated_files/spi1.c: 76:     {;mcc_generated_files/spi1.c: 77:         SSP1STAT 
      +                          = spi1_configuration[spi1UniqueConfiguration].stat;
   609   00102E  5002               	movf	SPI1_Open@spi1UniqueConfiguration^0,w,c
   610   001030  0D04               	mullw	4
   611   001032  0E01               	movlw	1
   612   001034  26F3               	addwf	243,f,c
   613   001036  0E00               	movlw	0
   614   001038  22F4               	addwfc	244,f,c
   615   00103A  0E15               	movlw	low _spi1_configuration
   616   00103C  24F3               	addwf	243,w,c
   617   00103E  6EF6               	movwf	tblptrl,c
   618   001040  0E10               	movlw	high _spi1_configuration
   619   001042  20F4               	addwfc	244,w,c
   620   001044  6EF7               	movwf	tblptrh,c
   621   001046                     	if	0	;There are less than 3 active tblptr bytes
   622   001046                     	endif
   623   001046  0008               	tblrd		*
   624   001048  CFF5 FFC7          	movff	tablat,4039	;volatile
   625                           
   626                           ;mcc_generated_files/spi1.c: 78:         SSP1CON1 = spi1_configuration[spi1UniqueConfigu
      +                          ration].con1;
   627   00104C  5002               	movf	SPI1_Open@spi1UniqueConfiguration^0,w,c
   628   00104E  0D04               	mullw	4
   629   001050  0E15               	movlw	low _spi1_configuration
   630   001052  24F3               	addwf	243,w,c
   631   001054  6EF6               	movwf	tblptrl,c
   632   001056  0E10               	movlw	high _spi1_configuration
   633   001058  20F4               	addwfc	244,w,c
   634   00105A  6EF7               	movwf	tblptrh,c
   635   00105C                     	if	0	;There are less than 3 active tblptr bytes
   636   00105C                     	endif
   637   00105C  0008               	tblrd		*
   638   00105E  CFF5 FFC6          	movff	tablat,4038	;volatile
   639   001062                     
   640                           ;mcc_generated_files/spi1.c: 79:         SSP1CON2 = 0x00;
   641   001062  0E00               	movlw	0
   642   001064  6EC5               	movwf	197,c	;volatile
   643   001066                     
   644                           ;mcc_generated_files/spi1.c: 80:         SSP1ADD = spi1_configuration[spi1UniqueConfigur
      +                          ation].add;
   645   001066  5002               	movf	SPI1_Open@spi1UniqueConfiguration^0,w,c
   646   001068  0D04               	mullw	4
   647   00106A  0E02               	movlw	2
   648   00106C  26F3               	addwf	243,f,c
   649   00106E  0E00               	movlw	0
   650   001070  22F4               	addwfc	244,f,c
   651   001072  0E15               	movlw	low _spi1_configuration
   652   001074  24F3               	addwf	243,w,c
   653   001076  6EF6               	movwf	tblptrl,c
   654   001078  0E10               	movlw	high _spi1_configuration
   655   00107A  20F4               	addwfc	244,w,c
   656   00107C  6EF7               	movwf	tblptrh,c
   657   00107E                     	if	0	;There are less than 3 active tblptr bytes
   658   00107E                     	endif
   659   00107E  0008               	tblrd		*
   660   001080  CFF5 FFC8          	movff	tablat,4040	;volatile
   661   001084                     
   662                           ;mcc_generated_files/spi1.c: 81:         TRISCbits.TRISC3 = spi1_configuration[spi1Uniqu
      +                          eConfiguration].operation;
   663   001084  5002               	movf	SPI1_Open@spi1UniqueConfiguration^0,w,c
   664   001086  0D04               	mullw	4
   665   001088  0E03               	movlw	3
   666   00108A  26F3               	addwf	243,f,c
   667   00108C  0E00               	movlw	0
   668   00108E  22F4               	addwfc	244,f,c
   669   001090  0E15               	movlw	low _spi1_configuration
   670   001092  24F3               	addwf	243,w,c
   671   001094  6EF6               	movwf	tblptrl,c
   672   001096  0E10               	movlw	high _spi1_configuration
   673   001098  20F4               	addwfc	244,w,c
   674   00109A  6EF7               	movwf	tblptrh,c
   675   00109C                     	if	0	;There are less than 3 active tblptr bytes
   676   00109C                     	endif
   677   00109C  0008               	tblrd		*
   678   00109E  CFF5 F001          	movff	tablat,??_SPI1_Open
   679   0010A2  4601               	rlncf	??_SPI1_Open^0,f,c
   680   0010A4  4601               	rlncf	??_SPI1_Open^0,f,c
   681   0010A6  4601               	rlncf	??_SPI1_Open^0,f,c
   682   0010A8  5094               	movf	148,w,c	;volatile
   683   0010AA  1801               	xorwf	??_SPI1_Open^0,w,c
   684   0010AC  0BF7               	andlw	-9
   685   0010AE  1801               	xorwf	??_SPI1_Open^0,w,c
   686   0010B0  6E94               	movwf	148,c	;volatile
   687   0010B2                     
   688                           ;mcc_generated_files/spi1.c: 82:         SSP1CON1bits.SSPEN = 1;
   689   0010B2  8AC6               	bsf	198,5,c	;volatile
   690   0010B4                     
   691                           ;mcc_generated_files/spi1.c: 83:         return 1;
   692   0010B4  0E01               	movlw	1
   693   0010B6  EF5E  F008         	goto	l55
   694   0010BA                     l885:
   695                           
   696                           ;mcc_generated_files/spi1.c: 85:     return 0;
   697   0010BA  0E00               	movlw	0
   698   0010BC                     l55:
   699   0010BC  0012               	return		;funcret
   700   0010BE                     __end_of_SPI1_Open:
   701                           	callstack 0
   702                           
   703 ;; *************** function _SPI1_ExchangeBlock *****************
   704 ;; Defined at:
   705 ;;		line 101 in file "mcc_generated_files/spi1.c"
   706 ;; Parameters:    Size  Location     Type
   707 ;;  block           2    0[COMRAM] PTR void 
   708 ;;		 -> RAM(3935), 
   709 ;;  blockSize       2    2[COMRAM] unsigned int 
   710 ;; Auto vars:     Size  Location     Type
   711 ;;  data            2    4[COMRAM] PTR unsigned char 
   712 ;;		 -> RAM(3935), 
   713 ;; Return value:  Size  Location     Type
   714 ;;                  1    wreg      void 
   715 ;; Registers used:
   716 ;;		wreg, fsr2l, fsr2h, status,2, status,0
   717 ;; Tracked objects:
   718 ;;		On entry : 0/0
   719 ;;		On exit  : 0/0
   720 ;;		Unchanged: 0/0
   721 ;; Data sizes:     COMRAM   BANK0   BANK1   BANK2   BANK3   BANK4   BANK5   BANK6   BANK7   BANK8   BANK9  BANK10  BANK1
      +1  BANK12  BANK13  BANK14  BANK15
   722 ;;      Params:         4       0       0       0       0       0       0       0       0       0       0       0       
      +0       0       0       0       0
   723 ;;      Locals:         2       0       0       0       0       0       0       0       0       0       0       0       
      +0       0       0       0       0
   724 ;;      Temps:          0       0       0       0       0       0       0       0       0       0       0       0       
      +0       0       0       0       0
   725 ;;      Totals:         6       0       0       0       0       0       0       0       0       0       0       0       
      +0       0       0       0       0
   726 ;;Total ram usage:        6 bytes
   727 ;; Hardware stack levels used: 1
   728 ;; This function calls:
   729 ;;		Nothing
   730 ;; This function is called by:
   731 ;;		_main
   732 ;; This function uses a non-reentrant model
   733 ;;
   734                           
   735                           	psect	text6
   736   001122                     __ptext6:
   737                           	callstack 0
   738   001122                     _SPI1_ExchangeBlock:
   739                           	callstack 30
   740   001122                     
   741                           ;mcc_generated_files/spi1.c: 101: void SPI1_ExchangeBlock(void *block, size_t blockSize)
      +                          ;mcc_generated_files/spi1.c: 102: {;mcc_generated_files/spi1.c: 103:     uint8_t *data =
      +                           block;
   742   001122  C001  F005         	movff	SPI1_ExchangeBlock@block,SPI1_ExchangeBlock@data
   743   001126  C002  F006         	movff	SPI1_ExchangeBlock@block+1,SPI1_ExchangeBlock@data+1
   744                           
   745                           ;mcc_generated_files/spi1.c: 104:     while(blockSize--)
   746   00112A  EFAD  F008         	goto	l981
   747   00112E                     l975:
   748                           
   749                           ;mcc_generated_files/spi1.c: 105:     {;mcc_generated_files/spi1.c: 106:         SSP1BUF
      +                           = *data;
   750   00112E  C005  FFD9         	movff	SPI1_ExchangeBlock@data,fsr2l
   751   001132  C006  FFDA         	movff	SPI1_ExchangeBlock@data+1,fsr2h
   752   001136  50DF               	movf	indf2,w,c
   753   001138  6EC9               	movwf	201,c	;volatile
   754   00113A                     l69:
   755   00113A  A69E               	btfss	158,3,c	;volatile
   756   00113C  EFA2  F008         	goto	u71
   757   001140  EFA4  F008         	goto	u70
   758   001144                     u71:
   759   001144  EF9D  F008         	goto	l69
   760   001148                     u70:
   761   001148                     
   762                           ;mcc_generated_files/spi1.c: 108:         PIR1bits.SSP1IF = 0;
   763   001148  969E               	bcf	158,3,c	;volatile
   764   00114A                     
   765                           ;mcc_generated_files/spi1.c: 109:         *data++ = SSP1BUF;
   766   00114A  C005  FFD9         	movff	SPI1_ExchangeBlock@data,fsr2l
   767   00114E  C006  FFDA         	movff	SPI1_ExchangeBlock@data+1,fsr2h
   768   001152  CFC9 FFDF          	movff	4041,indf2	;volatile
   769   001156  4A05               	infsnz	SPI1_ExchangeBlock@data^0,f,c
   770   001158  2A06               	incf	(SPI1_ExchangeBlock@data+1)^0,f,c
   771   00115A                     l981:
   772                           
   773                           ;mcc_generated_files/spi1.c: 104:     while(blockSize--)
   774   00115A  0603               	decf	SPI1_ExchangeBlock@blockSize^0,f,c
   775   00115C  A0D8               	btfss	status,0,c
   776   00115E  0604               	decf	(SPI1_ExchangeBlock@blockSize+1)^0,f,c
   777   001160  2803               	incf	SPI1_ExchangeBlock@blockSize^0,w,c
   778   001162  E106               	bnz	u81
   779   001164  2804               	incf	(SPI1_ExchangeBlock@blockSize+1)^0,w,c
   780   001166  A4D8               	btfss	status,2,c
   781   001168  EFB8  F008         	goto	u81
   782   00116C  EFBA  F008         	goto	u80
   783   001170                     u81:
   784   001170  EF97  F008         	goto	l975
   785   001174                     u80:
   786   001174  0012               	return		;funcret
   787   001176                     __end_of_SPI1_ExchangeBlock:
   788                           	callstack 0
   789                           
   790 ;; *************** function _SPI1_Close *****************
   791 ;; Defined at:
   792 ;;		line 88 in file "mcc_generated_files/spi1.c"
   793 ;; Parameters:    Size  Location     Type
   794 ;;		None
   795 ;; Auto vars:     Size  Location     Type
   796 ;;		None
   797 ;; Return value:  Size  Location     Type
   798 ;;                  1    wreg      void 
   799 ;; Registers used:
   800 ;;		None
   801 ;; Tracked objects:
   802 ;;		On entry : 0/0
   803 ;;		On exit  : 0/0
   804 ;;		Unchanged: 0/0
   805 ;; Data sizes:     COMRAM   BANK0   BANK1   BANK2   BANK3   BANK4   BANK5   BANK6   BANK7   BANK8   BANK9  BANK10  BANK1
      +1  BANK12  BANK13  BANK14  BANK15
   806 ;;      Params:         0       0       0       0       0       0       0       0       0       0       0       0       
      +0       0       0       0       0
   807 ;;      Locals:         0       0       0       0       0       0       0       0       0       0       0       0       
      +0       0       0       0       0
   808 ;;      Temps:          0       0       0       0       0       0       0       0       0       0       0       0       
      +0       0       0       0       0
   809 ;;      Totals:         0       0       0       0       0       0       0       0       0       0       0       0       
      +0       0       0       0       0
   810 ;;Total ram usage:        0 bytes
   811 ;; Hardware stack levels used: 1
   812 ;; This function calls:
   813 ;;		Nothing
   814 ;; This function is called by:
   815 ;;		_main
   816 ;; This function uses a non-reentrant model
   817 ;;
   818                           
   819                           	psect	text7
   820   0011E4                     __ptext7:
   821                           	callstack 0
   822   0011E4                     _SPI1_Close:
   823                           	callstack 30
   824   0011E4                     
   825                           ;mcc_generated_files/spi1.c: 90:     SSP1CON1bits.SSPEN = 0;
   826   0011E4  9AC6               	bcf	198,5,c	;volatile
   827   0011E6  0012               	return		;funcret
   828   0011E8                     __end_of_SPI1_Close:
   829                           	callstack 0
   830                           
   831                           	psect	text8
   832   000000                     __ptext8:
   833                           	callstack 0
   834   000000                     
   835                           	psect	rparam
   836   000000                     
   837                           	psect	config
   838                           
   839                           ;Config register CONFIG1L @ 0xFFF8
   840                           ;	Watchdog Timer Enable bit
   841                           ;	WDT = OFF, WDT disabled (control is placed on SWDTEN bit)
   842                           ;	Stack Overflow/Underflow Reset Enable bit
   843                           ;	STVR = ON, Reset on stack overflow/underflow enabled
   844                           ;	Extended Instruction Set Enable bit
   845                           ;	XINST = OFF, Instruction set extension and Indexed Addressing mode disabled (Legacy mo
      +                          de)
   846                           ;	Background Debugger Enable bit
   847                           ;	DEBUG = OFF, Background debugger disabled; RB6 and RB7 configured as general purpose I
      +                          /O pins
   848   00FFF8                     	org	65528
   849   00FFF8  A0                 	db	160
   850                           
   851                           ;Config register CONFIG1H @ 0xFFF9
   852                           ;	Code Protection bit
   853                           ;	CP0 = OFF, Program memory is not code-protected
   854   00FFF9                     	org	65529
   855   00FFF9  F4                 	db	244
   856                           
   857                           ;Config register CONFIG2L @ 0xFFFA
   858                           ;	Oscillator Selection bits
   859                           ;	FOSC = HSPLL, HS oscillator, PLL enabled and under software control
   860                           ;	Default/Reset System Clock Select bit
   861                           ;	FOSC2 = ON, Clock selected by FOSC1:FOSC0 as system clock is enabled when OSCCON<1:0> 
      +                          = 00
   862                           ;	Fail-Safe Clock Monitor Enable
   863                           ;	FCMEN = ON, Fail-Safe Clock Monitor enabled
   864                           ;	Two-Speed Start-up (Internal/External Oscillator Switchover) Control bit
   865                           ;	IESO = ON, Two-Speed Start-up enabled
   866   00FFFA                     	org	65530
   867   00FFFA  C5                 	db	197
   868                           
   869                           ;Config register CONFIG2H @ 0xFFFB
   870                           ;	Watchdog Timer Postscaler Select bits
   871                           ;	WDTPS = 32768, 1:32768
   872   00FFFB                     	org	65531
   873   00FFFB  FF                 	db	255
   874                           
   875                           ;Config register CONFIG3L @ 0xFFFC
   876                           ;	unspecified, using default values
   877   00FFFC                     	org	65532
   878   00FFFC  F8                 	db	248
   879                           
   880                           ;Config register CONFIG3H @ 0xFFFD
   881                           ;	Ethernet LED Enable bit
   882                           ;	ETHLED = ON, RA0/RA1 are multiplexed with LEDA/LEDB when Ethernet module is enabled an
      +                          d function as I/O when Ethernet is disabled
   883   00FFFD                     	org	65533
   884   00FFFD  F7                 	db	247
   885                           tosu	equ	0xFFF
   886                           tosh	equ	0xFFE
   887                           tosl	equ	0xFFD
   888                           stkptr	equ	0xFFC
   889                           pclatu	equ	0xFFB
   890                           pclath	equ	0xFFA
   891                           pcl	equ	0xFF9
   892                           tblptru	equ	0xFF8
   893                           tblptrh	equ	0xFF7
   894                           tblptrl	equ	0xFF6
   895                           tablat	equ	0xFF5
   896                           prodh	equ	0xFF4
   897                           prodl	equ	0xFF3
   898                           indf0	equ	0xFEF
   899                           postinc0	equ	0xFEE
   900                           postdec0	equ	0xFED
   901                           preinc0	equ	0xFEC
   902                           plusw0	equ	0xFEB
   903                           fsr0h	equ	0xFEA
   904                           fsr0l	equ	0xFE9
   905                           wreg	equ	0xFE8
   906                           indf1	equ	0xFE7
   907                           postinc1	equ	0xFE6
   908                           postdec1	equ	0xFE5
   909                           preinc1	equ	0xFE4
   910                           plusw1	equ	0xFE3
   911                           fsr1h	equ	0xFE2
   912                           fsr1l	equ	0xFE1
   913                           bsr	equ	0xFE0
   914                           indf2	equ	0xFDF
   915                           postinc2	equ	0xFDE
   916                           postdec2	equ	0xFDD
   917                           preinc2	equ	0xFDC
   918                           plusw2	equ	0xFDB
   919                           fsr2h	equ	0xFDA
   920                           fsr2l	equ	0xFD9
   921                           status	equ	0xFD8

Data Sizes:
    Strings     0
    Constant    28
    Data        0
    BSS         0
    Persistent  0
    Stack       0

Auto Spaces:
    Space          Size  Autos    Used
    COMRAM           95     12      12
    BANK0           160      0       0
    BANK1           256      0       0
    BANK2           256      0       0
    BANK3           256      0       0
    BANK4           256      0       0
    BANK5           256      0       0
    BANK6           256      0       0
    BANK7           256      0       0
    BANK8           256      0       0
    BANK9           256      0       0
    BANK10          256      0       0
    BANK11          256      0       0
    BANK12          256      0       0
    BANK13          256      0       0
    BANK14          128      0       0
    BANK15           96      0       0

Pointer List with Targets:

    S35$3$0	PTR void  size(2) Largest target is 3935
		 -> RAM(DATA[3935]), 

    S35$4$0	PTR void  size(2) Largest target is 0

    S35$5$0	PTR void  size(2) Largest target is 0

    NULL$0	PTR FTN()void  size(2) Largest target is 0

    main@spi_buff	PTR unsigned char  size(2) Largest target is 3935
		 -> RAM(DATA[3935]), 

    SPI1_ExchangeBlock@block	PTR void  size(2) Largest target is 3935
		 -> RAM(DATA[3935]), 

    SPI1_ExchangeBlock@data	PTR unsigned char  size(2) Largest target is 3935
		 -> RAM(DATA[3935]), 

    S35$spiISR	PTR FTN()void  size(2) Largest target is 1
		 -> NULL(), 

    spiMaster.spiISR	PTR FTN()void  size(2) Largest target is 1
		 -> NULL(), 

    S35$setSpiISR	PTR FTN(PTR FTN()void ,)void  size(2) Largest target is 1
		 -> NULL(), 

    spiMaster.setSpiISR	PTR FTN(PTR FTN()void ,)void  size(2) Largest target is 1
		 -> NULL(), 

    S35$readByte	PTR FTN()unsigned char  size(2) Largest target is 1
		 -> SPI1_ReadByte(), 

    spiMaster.readByte	PTR FTN()unsigned char  size(2) Largest target is 1
		 -> SPI1_ReadByte(), 

    S35$writeByte	PTR FTN(unsigned char ,)void  size(2) Largest target is 1
		 -> SPI1_WriteByte(), 

    spiMaster.writeByte	PTR FTN(unsigned char ,)void  size(2) Largest target is 1
		 -> SPI1_WriteByte(), 

    S35$readBlock	PTR FTN(PTR void ,unsigned int ,)void  size(2) Largest target is 1
		 -> SPI1_ReadBlock(), 

    spiMaster.readBlock	PTR FTN(PTR void ,unsigned int ,)void  size(2) Largest target is 1
		 -> SPI1_ReadBlock(), 

    S35$writeBlock	PTR FTN(PTR void ,unsigned int ,)void  size(2) Largest target is 1
		 -> SPI1_WriteBlock(), 

    spiMaster.writeBlock	PTR FTN(PTR void ,unsigned int ,)void  size(2) Largest target is 1
		 -> SPI1_WriteBlock(), 

    S35$exchangeBlock	PTR FTN(PTR void ,unsigned int ,)void  size(2) Largest target is 1
		 -> SPI1_ExchangeBlock(), 

    spiMaster.exchangeBlock	PTR FTN(PTR void ,unsigned int ,)void  size(2) Largest target is 1
		 -> SPI1_ExchangeBlock(), 

    S35$exchangeByte	PTR FTN(unsigned char ,)unsigned char  size(2) Largest target is 1
		 -> SPI1_ExchangeByte(), 

    spiMaster.exchangeByte	PTR FTN(unsigned char ,)unsigned char  size(2) Largest target is 1
		 -> SPI1_ExchangeByte(), 

    S35$spiOpen	PTR FTN()_Bool  size(2) Largest target is 1
		 -> MASTER0_open(), 

    spiMaster.spiOpen	PTR FTN()_Bool  size(2) Largest target is 1
		 -> MASTER0_open(), 

    S35$spiClose	PTR FTN()void  size(2) Largest target is 1
		 -> SPI1_Close(), 

    spiMaster.spiClose	PTR FTN()void  size(2) Largest target is 1
		 -> SPI1_Close(), 


Critical Paths under _main in COMRAM

    _main->_SPI1_ExchangeBlock

Critical Paths under _main in BANK0

    None.

Critical Paths under _main in BANK1

    None.

Critical Paths under _main in BANK2

    None.

Critical Paths under _main in BANK3

    None.

Critical Paths under _main in BANK4

    None.

Critical Paths under _main in BANK5

    None.

Critical Paths under _main in BANK6

    None.

Critical Paths under _main in BANK7

    None.

Critical Paths under _main in BANK8

    None.

Critical Paths under _main in BANK9

    None.

Critical Paths under _main in BANK10

    None.

Critical Paths under _main in BANK11

    None.

Critical Paths under _main in BANK12

    None.

Critical Paths under _main in BANK13

    None.

Critical Paths under _main in BANK14

    None.

Critical Paths under _main in BANK15

    None.

Call Graph Tables:

 ---------------------------------------------------------------------------------
 (Depth) Function   	        Calls       Base Space   Used Autos Params    Refs
 ---------------------------------------------------------------------------------
 (0) _main                                                 6     6      0     348
                                              6 COMRAM     6     6      0
                         _SPI1_Close
                 _SPI1_ExchangeBlock
                          _SPI1_Open
                  _SYSTEM_Initialize
 ---------------------------------------------------------------------------------
 (1) _SYSTEM_Initialize                                    0     0      0       0
              _OSCILLATOR_Initialize
             _PIN_MANAGER_Initialize
                    _SPI1_Initialize
 ---------------------------------------------------------------------------------
 (2) _SPI1_Initialize                                      0     0      0       0
 ---------------------------------------------------------------------------------
 (2) _PIN_MANAGER_Initialize                               0     0      0       0
 ---------------------------------------------------------------------------------
 (2) _OSCILLATOR_Initialize                                0     0      0       0
 ---------------------------------------------------------------------------------
 (1) _SPI1_Open                                            2     2      0      60
                                              0 COMRAM     2     2      0
 ---------------------------------------------------------------------------------
 (1) _SPI1_ExchangeBlock                                   6     2      4     242
                                              0 COMRAM     6     2      4
 ---------------------------------------------------------------------------------
 (1) _SPI1_Close                                           0     0      0       0
 ---------------------------------------------------------------------------------
 Estimated maximum stack depth 2
 ---------------------------------------------------------------------------------

 Call Graph Graphs:

 _main (ROOT)
   _SPI1_Close
   _SPI1_ExchangeBlock
   _SPI1_Open
   _SYSTEM_Initialize
     _OSCILLATOR_Initialize
     _PIN_MANAGER_Initialize
     _SPI1_Initialize

 Address spaces:
Name               Size   Autos  Total    Cost      Usage
BITCOMRAM           5F      0       0       0        0.0%
NULL                 0      0       0       0        0.0%
CODE                 0      0       0       0        0.0%
COMRAM              5F      C       C       1       12.6%
STACK                0      0       0       2        0.0%
DATA                 0      0       0       3        0.0%
BITBANK0            A0      0       0       4        0.0%
BANK0               A0      0       0       5        0.0%
BITBANK1           100      0       0       6        0.0%
BANK1              100      0       0       7        0.0%
BITBANK2           100      0       0       8        0.0%
BANK2              100      0       0       9        0.0%
BITBANK3           100      0       0      10        0.0%
BANK3              100      0       0      11        0.0%
BITBANK4           100      0       0      12        0.0%
BANK4              100      0       0      13        0.0%
BITBANK5           100      0       0      14        0.0%
BANK5              100      0       0      15        0.0%
BITBANK6           100      0       0      16        0.0%
BANK6              100      0       0      17        0.0%
BITBANK7           100      0       0      18        0.0%
BANK7              100      0       0      19        0.0%
BITBANK8           100      0       0      20        0.0%
BANK8              100      0       0      21        0.0%
BITBANK9           100      0       0      22        0.0%
BANK9              100      0       0      23        0.0%
BITBANK10          100      0       0      24        0.0%
BANK10             100      0       0      25        0.0%
BITBANK11          100      0       0      26        0.0%
BANK11             100      0       0      27        0.0%
BITBANK12          100      0       0      28        0.0%
BANK12             100      0       0      29        0.0%
BITBANK13          100      0       0      30        0.0%
BANK13             100      0       0      31        0.0%
BITBANK14           80      0       0      32        0.0%
BANK14              80      0       0      33        0.0%
BITBANK15           60      0       0      34        0.0%
BANK15              60      0       0      35        0.0%
BITBIGSFR_1hh       2C      0       0      36        0.0%
BITBIGSFR_1hl        9      0       0      37        0.0%
BITBIGSFR_1lhhh      3      0       0      38        0.0%
BITBIGSFR_1lhhl     22      0       0      39        0.0%
BITBIGSFR_1lhlh      2      0       0      40        0.0%
BITBIGSFR_1lhll      2      0       0      41        0.0%
BITBIGSFR_1llhl      2      0       0      42        0.0%
BITBIGSFR_1llll     29      0       0      43        0.0%
BIGRAM_1            60      0       0      44        0.0%
BITBIGSFR           80      0       0      45        0.0%
ABS                  0      0       0      46        0.0%
BIGRAM             E7F      0       0      47        0.0%
BIGSFR_1             0      0       0     200        0.0%
BIGSFR               0      0       0     200        0.0%
BITSFR_1             0      0       0     200        0.0%
SFR_1                0      0       0     200        0.0%
BITSFR               0      0       0     200        0.0%
SFR                  0      0       0     200        0.0%


Microchip Technology PIC18 Macro Assembler V2.41 build 20230208172133 
Symbol Table                                                                                   Tue May 30 14:28:36 2023

               _SPI1_ExchangeByte 0000                _SPI1_ExchangeBlock 1122                                l51 11C2  
                              l71 1148                                l55 10BC                                l73 1174  
                              l58 11E6                                l69 113A                                u10 102E  
                              u11 102A                                u70 1148                                u71 1144  
                              u80 1174                                u81 1170                                u97 10EA  
                             l104 11D0                               l107 11E2                               l140 11B0  
                             l903 11C4                               l905 11CC                               l851 11B2  
                             l861 11DC                               l853 11BE                               l871 102E  
                             l863 11DE                               l855 11C0                               l881 10B4  
                             l873 1062                               l857 1176                               l875 1066  
                             l859 11A2                               l981 115A                               l973 1122  
                             l877 1084                               l885 10BA                               l869 1020  
                             l975 112E                               l879 10B2                               l991 10C8  
                             l983 10BE                               l889 11E4                               l977 114A  
                             l993 10CA                               l985 10C2                               l979 1156  
                             l995 10D2                               l987 10C4                               l997 10DA  
                             l989 10C6                               l999 10DE               ?_SPI1_ExchangeBlock 0001  
                             wreg 0FE8           SPI1_ExchangeBlock@block 0001                              l1001 10E0  
                            l1011 1116                              l1003 10F8                              l1005 10FE  
                            l1007 1100                              l1009 1114                              _LATA 0F89  
                            _LATB 0F8A                              _LATC 0F8B                              _LATD 0F8C  
                            _LATE 0F8D                              _LATF 0F8E                              _LATG 0F8F  
                            _main 10BE                              fsr2h 0FDA                              indf2 0FDF  
                            fsr2l 0FD9              ??_SPI1_ExchangeBlock 0005                              prodh 0FF4  
                            prodl 0FF3                              start 0000                      ___param_bank 0000  
   __end_of_OSCILLATOR_Initialize 11E4                       ?_SPI1_Close 0001                             ?_main 0001  
SPI1_Open@spi1UniqueConfiguration 0002                             _TRISA 0F92                             _TRISB 0F93  
                           _TRISC 0F94                             _TRISD 0F95                             _TRISE 0F96  
                           _TRISF 0F97                             _TRISG 0F98                      main@spi_buff 0009  
                           tablat 0FF5                             status 0FD8                   __initialization 11D2  
                    __end_of_main 1122                            ??_main 0007                     __activetblptr 0002  
                          _OSCCON 0FD3                 __end_of_SPI1_Open 10BE                            isa$std 0001  
                    __mediumconst 0000                            tblptrh 0FF7                            tblptrl 0FF6  
                          tblptru 0FF8                 _SYSTEM_Initialize 11C4                        __accesstop 0060  
         __end_of__initialization 11D2                    _SPI1_ReadBlock 0000                ?_SYSTEM_Initialize 0001  
                   ___rparam_used 0001                    __pcstackCOMRAM 0001               ??_SYSTEM_Initialize 0001  
               ??_SPI1_Initialize 0001                _spi1_configuration 1015         __end_of_SYSTEM_Initialize 11D2  
                  _SPI1_WriteByte 0000                      ??_SPI1_Close 0001                           _OSCTUNE 0F9B  
                         _SSP1ADD 0FC8                           _SSP1BUF 0FC9                __end_of_SPI1_Close 11E8  
                         __Hparam 0000                           __Lparam 0000                      __psmallconst 1000  
                         __pcinit 11D2                           __ramtop 1000                           __ptext0 10BE  
                         __ptext1 11C4                           __ptext2 11B2                           __ptext3 1176  
                         __ptext4 11DC                           __ptext5 101E                           __ptext6 1122  
                         __ptext7 11E4                           __ptext8 0000             _OSCILLATOR_Initialize 11DC  
        ??_PIN_MANAGER_Initialize 0001              end_of_initialization 11D2                     __Lmediumconst 0000  
               __end_of_spiMaster 1015                         _SPI1_Open 101E                         _TRISAbits 0F92  
                       _TRISCbits 0F94                         _TRISEbits 0F96                      _MASTER0_open 0000  
          SPI1_ExchangeBlock@data 0005                   _SPI1_Initialize 11B2                        ?_SPI1_Open 0001  
          ?_OSCILLATOR_Initialize 0001               start_initialization 11D2                     fp__SPI1_Close 0000  
                   _SPI1_ReadByte 0000           __end_of_SPI1_Initialize 11C4                   _SPI1_WriteBlock 0000  
          _PIN_MANAGER_Initialize 1176                       ??_SPI1_Open 0001                       __smallconst 1000  
      __end_of_SPI1_ExchangeBlock 1176                          _LATAbits 0F89                          _LATEbits 0F8D  
                        _PIR1bits 0F9E                         _spiMaster 1001                          _SSP1CON1 0FC6  
                        _SSP1CON2 0FC5                          _SSP1STAT 0FC7                        _ADCON1bits 0FC1  
                ?_SPI1_Initialize 0001                          __Hrparam 0000                          __Lrparam 0000  
         ??_OSCILLATOR_Initialize 0001                  main@spi_buff_len 000B                      _SSP1CON1bits 0FC6  
           fp__SPI1_ExchangeBlock 0000                          isa$xinst 0000       SPI1_ExchangeBlock@blockSize 0003  
         ?_PIN_MANAGER_Initialize 0001                        _SPI1_Close 11E4    __end_of_PIN_MANAGER_Initialize 11B2  
      __end_of_spi1_configuration 101D  
